<?xml version="1.0" encoding="UTF-8"?>
<testng-results ignored="0" total="1" passed="1" failed="0" skipped="0">
  <reporter-output>
  </reporter-output>
  <suite started-at="2024-12-02T11:36:38 IST" name="Default suite" finished-at="2024-12-02T11:38:25 IST" duration-ms="107672">
    <groups>
    </groups>
    <test started-at="2024-12-02T11:36:38 IST" name="Default test" finished-at="2024-12-02T11:38:25 IST" duration-ms="107672">
      <class name="FunctionalityTesting.CreateOrgn">
        <test-method is-config="true" signature="preCondition()[pri:0, instance:FunctionalityTesting.CreateOrgn@663c9e7a]" started-at="2024-12-02T11:36:38 IST" name="preCondition" finished-at="2024-12-02T11:37:42 IST" duration-ms="63661" status="PASS">
          <reporter-output>
          </reporter-output>
        </test-method> <!-- preCondition -->
        <test-method is-config="true" signature="login()[pri:0, instance:FunctionalityTesting.CreateOrgn@663c9e7a]" started-at="2024-12-02T11:37:42 IST" name="login" finished-at="2024-12-02T11:37:43 IST" duration-ms="1100" status="PASS">
          <reporter-output>
          </reporter-output>
        </test-method> <!-- login -->
        <test-method signature="organization()[pri:0, instance:FunctionalityTesting.CreateOrgn@663c9e7a]" started-at="2024-12-02T11:37:43 IST" name="organization" finished-at="2024-12-02T11:38:14 IST" duration-ms="30550" status="PASS">
          <reporter-output>
          </reporter-output>
        </test-method> <!-- organization -->
        <test-method is-config="true" signature="logOut()[pri:0, instance:FunctionalityTesting.CreateOrgn@663c9e7a]" started-at="2024-12-02T11:38:14 IST" name="logOut" finished-at="2024-12-02T11:38:24 IST" duration-ms="10580" status="PASS">
          <reporter-output>
          </reporter-output>
        </test-method> <!-- logOut -->
        <test-method is-config="true" signature="postCondition()[pri:0, instance:FunctionalityTesting.CreateOrgn@663c9e7a]" started-at="2024-12-02T11:38:24 IST" name="postCondition" finished-at="2024-12-02T11:38:25 IST" duration-ms="925" status="PASS">
          <reporter-output>
          </reporter-output>
        </test-method> <!-- postCondition -->
      </class> <!-- FunctionalityTesting.CreateOrgn -->
    </test> <!-- Default test -->
  </suite> <!-- Default suite -->
</testng-results>
